#
# There is insufficient memory for the Java Runtime Environment to continue.
# Native memory allocation (malloc) failed to allocate 1048576 bytes for AllocateHeap
# Possible reasons:
#   The system is out of physical RAM or swap space
#   The process is running with CompressedOops enabled, and the Java Heap may be blocking the growth of the native heap
# Possible solutions:
#   Reduce memory load on the system
#   Increase physical memory or swap space
#   Check if swap backing store is full
#   Decrease Java heap size (-Xmx/-Xms)
#   Decrease number of Java threads
#   Decrease Java thread stack sizes (-Xss)
#   Set larger code cache with -XX:ReservedCodeCacheSize=
#   JVM is running with Zero Based Compressed Oops mode in which the Java heap is
#     placed in the first 32GB address space. The Java Heap base address is the
#     maximum limit for the native heap growth. Please use -XX:HeapBaseMinAddress
#     to set the Java Heap base and to place the Java Heap above 32GB virtual address.
# This output file may be truncated or incomplete.
#
#  Out of Memory Error (memory/allocation.inline.hpp:61), pid=9444, tid=0x000000000000384c
#
# JRE version:  (8.0_321-b07) (build )
# Java VM: Java HotSpot(TM) 64-Bit Server VM (25.321-b07 mixed mode windows-amd64 compressed oops)
# Failed to write core dump. Minidumps are not enabled by default on client versions of Windows
#

---------------  T H R E A D  ---------------

Current thread (0x0000027f72776800):  JavaThread "Unknown thread" [_thread_in_vm, id=14412, stack(0x000000ceae500000,0x000000ceae600000)]

Stack: [0x000000ceae500000,0x000000ceae600000]
Native frames: (J=compiled Java code, j=interpreted, Vv=VM code, C=native code)
V  [jvm.dll+0x32fc49]
V  [jvm.dll+0x2761a2]
V  [jvm.dll+0x276e4d]
V  [jvm.dll+0x26d7f5]
V  [jvm.dll+0x509d]
V  [jvm.dll+0x3d43b3]
V  [jvm.dll+0x3d4dc8]
V  [jvm.dll+0xfd2ff]
V  [jvm.dll+0x20a8eb]
V  [jvm.dll+0x239417]
V  [jvm.dll+0x162e26]
C  [java.exe+0x2312]
C  [java.exe+0x15f54]
C  [KERNEL32.DLL+0x17034]
C  [ntdll.dll+0x52651]


---------------  P R O C E S S  ---------------

Java Threads: ( => current thread )

Other Threads:

=>0x0000027f72776800 (exited) JavaThread "Unknown thread" [_thread_in_vm, id=14412, stack(0x000000ceae500000,0x000000ceae600000)]

VM state:not at safepoint (normal execution)

VM Mutex/Monitor currently owned by a thread: None

heap address: 0x00000006c2000000, size: 4064 MB, Compressed Oops mode: Zero based, Oop shift amount: 3
Narrow klass base: 0x0000000000000000, Narrow klass shift: 3
Compressed class space size: 1073741824 Address: 0x00000007c0000000

Heap:
 PSYoungGen      total 75776K, used 1300K [0x000000076b580000, 0x0000000770a00000, 0x00000007c0000000)
  eden space 65024K, 2% used [0x000000076b580000,0x000000076b6c51f8,0x000000076f500000)
  from space 10752K, 0% used [0x000000076ff80000,0x000000076ff80000,0x0000000770a00000)
  to   space 10752K, 0% used [0x000000076f500000,0x000000076f500000,0x000000076ff80000)
 ParOldGen       total 173568K, used 0K [0x00000006c2000000, 0x00000006cc980000, 0x000000076b580000)
  object space 173568K, 0% used [0x00000006c2000000,0x00000006c2000000,0x00000006cc980000)
 Metaspace       used 754K, capacity 4480K, committed 4480K, reserved 1056768K
  class space    used 76K, capacity 384K, committed 384K, reserved 1048576K

Card table byte_map: [0x0000027f74490000,0x0000027f74c90000] byte_map_base: 0x0000027f70e80000

Marking Bits: (ParMarkBitMap*) 0x000000006d5e9030
 Begin Bits: [0x0000027f751e0000, 0x0000027f79160000)
 End Bits:   [0x0000027f79160000, 0x0000027f7d0e0000)

Polling page: 0x0000027f740a0000

CodeCache: size=245760Kb used=329Kb max_used=329Kb free=245430Kb
 bounds [0x0000027f00000000, 0x0000027f00270000, 0x0000027f0f000000]
 total_blobs=58 nmethods=0 adapters=38
 compilation: enabled

Compilation events (0 events):
No events

GC Heap History (0 events):
No events

Deoptimization events (0 events):
No events

Classes redefined (0 events):
No events

Internal exceptions (0 events):
No events

Events (10 events):
Event: 0.050 loading class java/lang/Short
Event: 0.050 loading class java/lang/Short done
Event: 0.050 loading class java/lang/Integer
Event: 0.050 loading class java/lang/Integer done
Event: 0.050 loading class java/lang/Long
Event: 0.050 loading class java/lang/Long done
Event: 0.051 loading class java/lang/NullPointerException
Event: 0.051 loading class java/lang/NullPointerException done
Event: 0.051 loading class java/lang/ArithmeticException
Event: 0.051 loading class java/lang/ArithmeticException done


Dynamic libraries:
0x00007ff6e7e10000 - 0x00007ff6e7e57000 	C:\Program Files (x86)\Oracle\Java\javapath\java.exe
0x00007ffb02730000 - 0x00007ffb02925000 	C:\WINDOWS\SYSTEM32\ntdll.dll
0x00007ffb01090000 - 0x00007ffb0114e000 	C:\WINDOWS\System32\KERNEL32.DLL
0x00007ffaffff0000 - 0x00007ffb002b8000 	C:\WINDOWS\System32\KERNELBASE.dll
0x00007ffb015d0000 - 0x00007ffb0167c000 	C:\WINDOWS\System32\ADVAPI32.dll
0x00007ffb00fe0000 - 0x00007ffb0107e000 	C:\WINDOWS\System32\msvcrt.dll
0x00007ffb02140000 - 0x00007ffb021db000 	C:\WINDOWS\System32\sechost.dll
0x00007ffb00880000 - 0x00007ffb009aa000 	C:\WINDOWS\System32\RPCRT4.dll
0x00007ffb01f80000 - 0x00007ffb02121000 	C:\WINDOWS\System32\USER32.dll
0x00007ffb003a0000 - 0x00007ffb003c2000 	C:\WINDOWS\System32\win32u.dll
0x00007ffb023c0000 - 0x00007ffb023eb000 	C:\WINDOWS\System32\GDI32.dll
0x00007ffb003d0000 - 0x00007ffb004dd000 	C:\WINDOWS\System32\gdi32full.dll
0x00007ffb006d0000 - 0x00007ffb0076d000 	C:\WINDOWS\System32\msvcp_win.dll
0x00007ffaffef0000 - 0x00007ffaffff0000 	C:\WINDOWS\System32\ucrtbase.dll
0x00007ffade2a0000 - 0x00007ffade53a000 	C:\WINDOWS\WinSxS\amd64_microsoft.windows.common-controls_6595b64144ccf1df_6.0.19041.1110_none_60b5254171f9507e\COMCTL32.dll
0x00007ffb00e70000 - 0x00007ffb00ea0000 	C:\WINDOWS\System32\IMM32.DLL
0x00007ffaded30000 - 0x00007ffaded45000 	C:\Program Files\Java\jre1.8.0_321\bin\vcruntime140.dll
0x00007ffad78d0000 - 0x00007ffad796b000 	C:\Program Files\Java\jre1.8.0_321\bin\msvcp140.dll
0x000000006ce00000 - 0x000000006d661000 	C:\Program Files\Java\jre1.8.0_321\bin\server\jvm.dll
0x00007ffb01080000 - 0x00007ffb01088000 	C:\WINDOWS\System32\PSAPI.DLL
0x00007ffaf6820000 - 0x00007ffaf682a000 	C:\WINDOWS\SYSTEM32\VERSION.dll
0x00007ffada630000 - 0x00007ffada657000 	C:\WINDOWS\SYSTEM32\WINMM.dll
0x00007ffad9ca0000 - 0x00007ffad9ca9000 	C:\WINDOWS\SYSTEM32\WSOCK32.dll
0x00007ffb00ea0000 - 0x00007ffb00f0b000 	C:\WINDOWS\System32\WS2_32.dll
0x00007ffafe710000 - 0x00007ffafe722000 	C:\WINDOWS\SYSTEM32\kernel.appcore.dll
0x00007ffaea350000 - 0x00007ffaea360000 	C:\Program Files\Java\jre1.8.0_321\bin\verify.dll
0x00007ffadea50000 - 0x00007ffadea7b000 	C:\Program Files\Java\jre1.8.0_321\bin\java.dll
0x00007ffadd9c0000 - 0x00007ffadd9d8000 	C:\Program Files\Java\jre1.8.0_321\bin\zip.dll
0x00007ffafe3d0000 - 0x00007ffafe5b4000 	C:\WINDOWS\SYSTEM32\dbghelp.dll
0x00007ffb002c0000 - 0x00007ffb00342000 	C:\WINDOWS\System32\bcryptPrimitives.dll

VM Arguments:
java_command: <unknown>
java_class_path (initial): .
Launcher Type: SUN_STANDARD

Environment Variables:
PATH=D:\Program Files\PowerShell\7;C:\Program Files (x86)\Oracle\Java\javapath;C:\Program Files\Eclipse Adoptium\jdk-17.0.1.12-hotspot\bin;C:\Windows\System32;D:\Meine\Thingworx\92\ThingWorx923VuforiaES923.7z\ThingWorx;C:\Program Files\dotnet\;C:\WINDOWS\system32;C:\WINDOWS;C:\WINDOWS\system32\Wbem;C:\WINDOWS\system32\WindowsPowerShell\v1.0\;C:\Program Files\nodejs;D:\Program Files\PostgreSQL\14\bin;D:\Gradle\gradle-6.9.2\bin;D:\Program Files\PowerShell\7\;C:\Users\bocharov\AppData\Local\Microsoft\WindowsApps;C:\Users\bocharov\AppData\Roaming\npm;C:\Program Files\Git\cmd;D:\Users\bocharov\AppData\Local\Programs\Microsoft VS Code\bin;C:\Users\bocharov\.dotnet\tools
USERNAME=bocharov
OS=Windows_NT
PROCESSOR_IDENTIFIER=Intel64 Family 6 Model 158 Stepping 9, GenuineIntel



---------------  S Y S T E M  ---------------

OS: Windows 10 , 64 bit Build 19041 (10.0.19041.1348)

CPU:total 8 (initial active 8) (4 cores per cpu, 2 threads per core) family 6 model 158 stepping 9, cmov, cx8, fxsr, mmx, sse, sse2, sse3, ssse3, sse4.1, sse4.2, popcnt, avx, avx2, aes, clmul, erms, 3dnowpref, lzcnt, ht, tsc, tscinvbit, bmi1, bmi2, adx

Memory: 4k page, physical 16639108k(4412640k free), swap 17687684k(4136k free)

vm_info: Java HotSpot(TM) 64-Bit Server VM (25.321-b07) for windows-amd64 JRE (1.8.0_321-b07), built on Dec 15 2021 11:19:20 by "java_re" with MS VC++ 15.9 (VS2017)

time: Tue Feb  8 17:46:16 2022
timezone: RTZ 2 Normalzeit
elapsed time: 0.147903 seconds (0d 0h 0m 0s)

