#
# There is insufficient memory for the Java Runtime Environment to continue.
# Native memory allocation (malloc) failed to allocate 1048576 bytes for AllocateHeap
# Possible reasons:
#   The system is out of physical RAM or swap space
#   The process is running with CompressedOops enabled, and the Java Heap may be blocking the growth of the native heap
# Possible solutions:
#   Reduce memory load on the system
#   Increase physical memory or swap space
#   Check if swap backing store is full
#   Decrease Java heap size (-Xmx/-Xms)
#   Decrease number of Java threads
#   Decrease Java thread stack sizes (-Xss)
#   Set larger code cache with -XX:ReservedCodeCacheSize=
#   JVM is running with Zero Based Compressed Oops mode in which the Java heap is
#     placed in the first 32GB address space. The Java Heap base address is the
#     maximum limit for the native heap growth. Please use -XX:HeapBaseMinAddress
#     to set the Java Heap base and to place the Java Heap above 32GB virtual address.
# This output file may be truncated or incomplete.
#
#  Out of Memory Error (memory/allocation.inline.hpp:61), pid=15104, tid=0x0000000000001c30
#
# JRE version:  (8.0_321-b07) (build )
# Java VM: Java HotSpot(TM) 64-Bit Server VM (25.321-b07 mixed mode windows-amd64 compressed oops)
# Failed to write core dump. Minidumps are not enabled by default on client versions of Windows
#

---------------  T H R E A D  ---------------

Current thread (0x000001e8cf902000):  JavaThread "Unknown thread" [_thread_in_vm, id=7216, stack(0x000000c01e400000,0x000000c01e500000)]

Stack: [0x000000c01e400000,0x000000c01e500000]
Native frames: (J=compiled Java code, j=interpreted, Vv=VM code, C=native code)
V  [jvm.dll+0x32fc49]
V  [jvm.dll+0x2761a2]
V  [jvm.dll+0x276e4d]
V  [jvm.dll+0x26d7f5]
V  [jvm.dll+0x509d]
V  [jvm.dll+0x3ca62d]
V  [jvm.dll+0x3cb481]
V  [jvm.dll+0x3c7337]
V  [jvm.dll+0xfd2ff]
V  [jvm.dll+0x20a8eb]
V  [jvm.dll+0x239417]
V  [jvm.dll+0x162e26]
C  [java.exe+0x2312]
C  [java.exe+0x15f54]
C  [KERNEL32.DLL+0x17034]
C  [ntdll.dll+0x52651]


---------------  P R O C E S S  ---------------

Java Threads: ( => current thread )

Other Threads:

=>0x000001e8cf902000 (exited) JavaThread "Unknown thread" [_thread_in_vm, id=7216, stack(0x000000c01e400000,0x000000c01e500000)]

VM state:not at safepoint (normal execution)

VM Mutex/Monitor currently owned by a thread: None

heap address: 0x00000006c2000000, size: 4064 MB, Compressed Oops mode: Zero based, Oop shift amount: 3
Narrow klass base: 0x0000000000000000, Narrow klass shift: 3
Compressed class space size: 1073741824 Address: 0x00000007c0000000

Heap:
 PSYoungGen      total 75776K, used 1300K [0x000000076b580000, 0x0000000770a00000, 0x00000007c0000000)
  eden space 65024K, 2% used [0x000000076b580000,0x000000076b6c51f8,0x000000076f500000)
  from space 10752K, 0% used [0x000000076ff80000,0x000000076ff80000,0x0000000770a00000)
  to   space 10752K, 0% used [0x000000076f500000,0x000000076f500000,0x000000076ff80000)
 ParOldGen       total 173568K, used 0K [0x00000006c2000000, 0x00000006cc980000, 0x000000076b580000)
  object space 173568K, 0% used [0x00000006c2000000,0x00000006c2000000,0x00000006cc980000)
 Metaspace       used 754K, capacity 4480K, committed 4480K, reserved 1056768K
  class space    used 76K, capacity 384K, committed 384K, reserved 1048576K

Card table byte_map: [0x000001e8e0710000,0x000001e8e0f10000] byte_map_base: 0x000001e8dd100000

Marking Bits: (ParMarkBitMap*) 0x000000005c939030
 Begin Bits: [0x000001e8e1460000, 0x000001e8e53e0000)
 End Bits:   [0x000001e8e53e0000, 0x000001e8e9360000)

Polling page: 0x000001e8cfab0000

CodeCache: size=245760Kb used=329Kb max_used=329Kb free=245430Kb
 bounds [0x000001e8d1350000, 0x000001e8d15c0000, 0x000001e8e0350000]
 total_blobs=58 nmethods=0 adapters=38
 compilation: enabled

Compilation events (0 events):
No events

GC Heap History (0 events):
No events

Deoptimization events (0 events):
No events

Classes redefined (0 events):
No events

Internal exceptions (0 events):
No events

Events (10 events):
Event: 0.081 loading class java/lang/Short
Event: 0.081 loading class java/lang/Short done
Event: 0.081 loading class java/lang/Integer
Event: 0.081 loading class java/lang/Integer done
Event: 0.081 loading class java/lang/Long
Event: 0.081 loading class java/lang/Long done
Event: 0.083 loading class java/lang/NullPointerException
Event: 0.083 loading class java/lang/NullPointerException done
Event: 0.083 loading class java/lang/ArithmeticException
Event: 0.083 loading class java/lang/ArithmeticException done


Dynamic libraries:
0x00007ff6afe30000 - 0x00007ff6afe77000 	C:\Program Files (x86)\Oracle\Java\javapath\java.exe
0x00007ffcbba90000 - 0x00007ffcbbc85000 	C:\WINDOWS\SYSTEM32\ntdll.dll
0x00007ffcb9c00000 - 0x00007ffcb9cbe000 	C:\WINDOWS\System32\KERNEL32.DLL
0x00007ffcb9810000 - 0x00007ffcb9ad8000 	C:\WINDOWS\System32\KERNELBASE.dll
0x00007ffcba950000 - 0x00007ffcba9fe000 	C:\WINDOWS\System32\ADVAPI32.dll
0x00007ffcbaa00000 - 0x00007ffcbaa9e000 	C:\WINDOWS\System32\msvcrt.dll
0x00007ffcbaaa0000 - 0x00007ffcbab3c000 	C:\WINDOWS\System32\sechost.dll
0x00007ffcbab40000 - 0x00007ffcbac65000 	C:\WINDOWS\System32\RPCRT4.dll
0x00007ffcbac70000 - 0x00007ffcbae10000 	C:\WINDOWS\System32\USER32.dll
0x00007ffcb96e0000 - 0x00007ffcb9702000 	C:\WINDOWS\System32\win32u.dll
0x00007ffcbb920000 - 0x00007ffcbb94b000 	C:\WINDOWS\System32\GDI32.dll
0x00007ffcb9370000 - 0x00007ffcb947d000 	C:\WINDOWS\System32\gdi32full.dll
0x00007ffcb9480000 - 0x00007ffcb951d000 	C:\WINDOWS\System32\msvcp_win.dll
0x00007ffcb9710000 - 0x00007ffcb9810000 	C:\WINDOWS\System32\ucrtbase.dll
0x00007ffca0900000 - 0x00007ffca0b9a000 	C:\WINDOWS\WinSxS\amd64_microsoft.windows.common-controls_6595b64144ccf1df_6.0.19041.1110_none_60b5254171f9507e\COMCTL32.dll
0x00007ffcbb950000 - 0x00007ffcbb980000 	C:\WINDOWS\System32\IMM32.DLL
0x00007ffcad880000 - 0x00007ffcad895000 	C:\Program Files\Java\jre1.8.0_321\bin\vcruntime140.dll
0x00007ffcad7e0000 - 0x00007ffcad87b000 	C:\Program Files\Java\jre1.8.0_321\bin\msvcp140.dll
0x000000005c150000 - 0x000000005c9b1000 	C:\Program Files\Java\jre1.8.0_321\bin\server\jvm.dll
0x00007ffcb9f60000 - 0x00007ffcb9f68000 	C:\WINDOWS\System32\PSAPI.DLL
0x00007ffc9c030000 - 0x00007ffc9c057000 	C:\WINDOWS\SYSTEM32\WINMM.dll
0x00007ffc8fd70000 - 0x00007ffc8fd79000 	C:\WINDOWS\SYSTEM32\WSOCK32.dll
0x00007ffcba810000 - 0x00007ffcba87b000 	C:\WINDOWS\System32\WS2_32.dll
0x00007ffcb0a00000 - 0x00007ffcb0a0a000 	C:\WINDOWS\SYSTEM32\VERSION.dll
0x00007ffcb7a50000 - 0x00007ffcb7a62000 	C:\WINDOWS\SYSTEM32\kernel.appcore.dll
0x00007ffcad7d0000 - 0x00007ffcad7e0000 	C:\Program Files\Java\jre1.8.0_321\bin\verify.dll
0x00007ffcad4b0000 - 0x00007ffcad4db000 	C:\Program Files\Java\jre1.8.0_321\bin\java.dll
0x00007ffcad750000 - 0x00007ffcad768000 	C:\Program Files\Java\jre1.8.0_321\bin\zip.dll
0x00007ffcb7730000 - 0x00007ffcb7914000 	C:\WINDOWS\SYSTEM32\dbghelp.dll
0x00007ffcb9650000 - 0x00007ffcb96d2000 	C:\WINDOWS\System32\bcryptPrimitives.dll

VM Arguments:
java_command: <unknown>
java_class_path (initial): .
Launcher Type: SUN_STANDARD

Environment Variables:
PATH=D:\Program Files\PowerShell\7;C:\Program Files (x86)\Oracle\Java\javapath;C:\Program Files\Eclipse Adoptium\jdk-17.0.1.12-hotspot\bin;C:\Windows\System32;D:\Meine\Thingworx\92\ThingWorx923VuforiaES923.7z\ThingWorx;C:\Program Files\dotnet\;C:\WINDOWS\system32;C:\WINDOWS;C:\WINDOWS\system32\Wbem;C:\WINDOWS\system32\WindowsPowerShell\v1.0\;C:\Program Files\nodejs;D:\Program Files\PostgreSQL\14\bin;D:\Gradle\gradle-6.9.2\bin;D:\Program Files\PowerShell\7\;C:\Users\bocharov\AppData\Local\Microsoft\WindowsApps;C:\Users\bocharov\AppData\Roaming\npm;C:\Program Files\Git\cmd;D:\Users\bocharov\AppData\Local\Programs\Microsoft VS Code\bin;C:\Users\bocharov\.dotnet\tools
USERNAME=bocharov
OS=Windows_NT
PROCESSOR_IDENTIFIER=Intel64 Family 6 Model 158 Stepping 9, GenuineIntel



---------------  S Y S T E M  ---------------

OS: Windows 10 , 64 bit Build 19041 (10.0.19041.1503)

CPU:total 8 (initial active 8) (4 cores per cpu, 2 threads per core) family 6 model 158 stepping 9, cmov, cx8, fxsr, mmx, sse, sse2, sse3, ssse3, sse4.1, sse4.2, popcnt, avx, avx2, aes, clmul, erms, 3dnowpref, lzcnt, ht, tsc, tscinvbit, bmi1, bmi2, adx

Memory: 4k page, physical 16639108k(4838276k free), swap 17687684k(4132k free)

vm_info: Java HotSpot(TM) 64-Bit Server VM (25.321-b07) for windows-amd64 JRE (1.8.0_321-b07), built on Dec 15 2021 11:19:20 by "java_re" with MS VC++ 15.9 (VS2017)

time: Thu Feb 17 12:25:17 2022
timezone: RTZ 2 Normalzeit
elapsed time: 0.171528 seconds (0d 0h 0m 0s)

